<?xml version="1.0" encoding="UTF-8"?>
<!-- Generated by org.testng.reporters.JUnitReportReporter -->
<testsuite hostname="babu-PC" name="com.crm.Vtiger.SmokeTest" tests="1" failures="0" timestamp="15 Dec 2021 10:04:55 GMT" time="0.031" errors="0">
  <testcase name="smoketest" time="0.031" classname="com.crm.Vtiger.SmokeTest"/>
</testsuite> <!-- com.crm.Vtiger.SmokeTest -->
